Arguments: 
  C:\Program Files\nodejs\node.exe C:\Program Files (x86)\Yarn\bin\yarn.js add node-telegram-bot-api

PATH: 
  C:\Python3.8;C:\Users\Gaurav\Desktop\Scripts\;C:\Users\Gaurav\Desktop\;C:\Program Files (x86)\Common Files\Oracle\Java\javapath;C:\Users\Gaurav\Downloads\app\oracle\product\11.2.0\server\bin;C:\Program Files (x86)\Intel\iCLS Client\;C:\Program Files\Intel\iCLS Client\;C:\WINDOWS\system32;C:\WINDOWS;C:\WINDOWS\System32\Wbem;C:\WINDOWS\System32\WindowsPowerShell\v1.0\;C:\Program Files\Intel\WiFi\bin\;C:\Program Files\Common Files\Intel\WirelessCommon\;C:\Program Files (x86)\PuTTY\;C:\Program Files (x86)\Intel\Intel(R) Management Engine Components\DAL;C:\Program Files\Intel\Intel(R) Management Engine Components\DAL;C:\Program Files (x86)\Intel\Intel(R) Management Engine Components\IPT;C:\Program Files\Intel\Intel(R) Management Engine Components\IPT;C:\WINDOWS\System32\OpenSSH\;C:\Users\Gaurav\AppData\Local\Programs\Python\Python37-32;C:\Users\Gaurav\AppData\Local\Programs\Python\Python37-32\Scripts;C:\Program Files\Git\cmd;C:\Program Files\Microsoft VS Code\bin;C:\Program Files\PuTTY\;C:\ProgramData\chocolatey\bin;C:\Program Files\nodejs\;C:\Program Files\AdoptOpenJDK\jdk8u192-b12\bin;C:\Program Files\Java\jdk1.8.0_231\bin;C:\Android\android-sdk\emulator;C:\Android\android-sdk\tools;C:\Android\android-sdk\platform-tools;C:\Android\android-sdk\tools\bin;C:\Program Files\Amazon\AWSCLIV2DevPreview\;C:\Program Files (x86)\Yarn\bin\;C:\Python3.8\Scripts\;C:\Python3.8\;C:\RailsInstaller\Git\cmd;C:\RailsInstaller\Ruby2.2.0\bin;C:\Program Files\MySQL\MySQL Shell 8.0\bin\;C:\Users\Gaurav\AppData\Roaming\npm;C:\Users\Gaurav\Salesforce CLI\bin;C:\Users\Gaurav\Downloads\Salesforce CLI\bin;C:\Users\Gaurav\AppData\Local\Microsoft\WindowsApps;C:\tools\dart-sdk\bin;C:\Users\Gaurav\AppData\Roaming\Pub\Cache\bin;C:\Users\Gaurav\AppData\Local\Yarn\bin

Yarn version: 
  1.22.0

Node version: 
  12.14.1

Platform: 
  win32 x64

Trace: 
  Error: connect ENETUNREACH 104.16.18.35:443
      at TCPConnectWrap.afterConnect [as oncomplete] (net.js:1134:16)

npm manifest: 
  {
    "name": "weather-bot",
    "version": "1.0.0",
    "main": "index.js",
    "license": "MIT",
    "dependencies": {
      "dotenv": "^8.2.0",
      "node-fetch": "^2.6.0"
    }
  }

yarn manifest: 
  No manifest

Lockfile: 
  # THIS IS AN AUTOGENERATED FILE. DO NOT EDIT THIS FILE DIRECTLY.
  # yarn lockfile v1
  
  
  dotenv@^8.2.0:
    version "8.2.0"
    resolved "https://registry.yarnpkg.com/dotenv/-/dotenv-8.2.0.tgz#97e619259ada750eea3e4ea3e26bceea5424b16a"
    integrity sha512-8sJ78ElpbDJBHNeBzUbUVLsqKdccaa/BXF1uPTw3GrvQTBgrQrtObr2mUrE38vzYd8cEv+m/JBfDLioYcfXoaw==
  
  node-fetch@^2.6.0:
    version "2.6.0"
    resolved "https://registry.yarnpkg.com/node-fetch/-/node-fetch-2.6.0.tgz#e633456386d4aa55863f676a7ab0daa8fdecb0fd"
    integrity sha512-8dG4H5ujfvFiqDmVu9fQ5bOHUC15JMjMY/Zumv26oOvvVJjM67KF8koCWIabKQ1GJIa9r2mMZscBq/TbdOcmNA==
